<?xml version="1.0" encoding="UTF-8"?>
<!-- Generated by org.testng.reporters.JUnitXMLReporter -->
<testsuite ignored="8" hostname="Kavin" failures="0" tests="5" name="Test" time="85.174" errors="0" timestamp="2024-04-30T22:18:04 IST">
  <testcase classname="TestCasesSpiceJet.TC_01_LoginTest" name="TC_01_LoginTest" time="4.431"/>
  <testcase classname="TestCasesSpiceJet.TC_02_OneWayTripTest" name="TC_02_OneWayTripTest" time="8.547"/>
  <testcase classname="TestCasesSpiceJet.TC_03RoundWayTripTest" name="TC_03RoundWayTripTest" time="8.159"/>
  <testcase classname="TestCasesSpiceJet.TC_04_BookingPageTest" name="TC_04_BookingPageTest" time="13.755"/>
  <testcase classname="TestCasesSpiceJet.TC_05_StatusTest" name="TC_05_StatusTest" time="12.576"/>
  <testcase classname="BasicSpiceJet.BasicSJ" name="@AfterSuite endReport" time="0.0">
    <ignored/>
  </testcase> <!-- @AfterSuite endReport -->
  <testcase classname="BasicSpiceJet.BasicSJ" name="@BeforeSuite StartReport" time="0.0">
    <ignored/>
  </testcase> <!-- @BeforeSuite StartReport -->
  <testcase classname="BasicSpiceJet.BasicSJ" name="@AfterSuite endReport" time="0.0">
    <ignored/>
  </testcase> <!-- @AfterSuite endReport -->
  <testcase classname="BasicSpiceJet.BasicSJ" name="@BeforeSuite StartReport" time="0.0">
    <ignored/>
  </testcase> <!-- @BeforeSuite StartReport -->
  <testcase classname="BasicSpiceJet.BasicSJ" name="@BeforeSuite StartReport" time="0.0">
    <ignored/>
  </testcase> <!-- @BeforeSuite StartReport -->
  <testcase classname="BasicSpiceJet.BasicSJ" name="@AfterSuite endReport" time="0.0">
    <ignored/>
  </testcase> <!-- @AfterSuite endReport -->
  <testcase classname="BasicSpiceJet.BasicSJ" name="@AfterSuite endReport" time="0.0">
    <ignored/>
  </testcase> <!-- @AfterSuite endReport -->
  <testcase classname="BasicSpiceJet.BasicSJ" name="@BeforeSuite StartReport" time="0.0">
    <ignored/>
  </testcase> <!-- @BeforeSuite StartReport -->
</testsuite> <!-- Test -->
